[2022-09-12 11:35:38] [Client thread INFO] CustomSkinLoader 14.13-SNAPSHOT-278
[2022-09-12 11:35:38] [Client thread INFO] DataDir: C:\Users\youngest\Desktop\GC\新测试端\.minecraft\versions\GreedyCraft\CustomSkinLoader
[2022-09-12 11:35:38] [Client thread INFO] Operating System: Windows 10 (amd64) version 10.0
[2022-09-12 11:35:38] [Client thread INFO] Java Version: 1.8.0_341, Oracle Corporation
[2022-09-12 11:35:38] [Client thread INFO] Java VM Version: Java HotSpot(TM) 64-Bit Server VM (mixed mode), Oracle Corporation
[2022-09-12 11:35:38] [Client thread INFO] Minecraft: null(GreedyCraft GreedyCraft)
[2022-09-12 11:35:38] [Client thread INFO] Config File: C:\Users\youngest\Desktop\GC\新测试端\.minecraft\versions\GreedyCraft\CustomSkinLoader\CustomSkinLoader.json
[2022-09-12 11:35:38] [Client thread INFO] Try to load config.
[2022-09-12 11:35:38] [Client thread INFO] Successfully load config.
[2022-09-12 11:35:38] [Client thread INFO] Add a profile loader: MojangAPI
[2022-09-12 11:35:38] [Client thread INFO] Add a profile loader: Legacy
[2022-09-12 11:35:38] [Client thread INFO] Add a profile loader: CustomSkinAPI
[2022-09-12 11:35:38] [Client thread INFO] Add a profile loader: CustomSKinAPIPlus
[2022-09-12 11:35:38] [Client thread INFO] Add a profile loader: UniSkinAPI
[2022-09-12 11:35:38] [Client thread INFO] Add a profile loader: ElyByAPI
[2022-09-12 11:35:38] [Client thread INFO] Add a profile loader: GlitchlessAPI
[2022-09-12 11:35:38] [Client thread INFO] Successfully update config.
[2022-09-12 11:35:38] [Client thread INFO] version : 14.13
[2022-09-12 11:35:38] [Client thread INFO] buildNumber : 278
[2022-09-12 11:35:38] [Client thread INFO] loadlist : [{ "name": "LocalSkin", "type": "Legacy", "checkPNG": "true", "skin": "LocalSkin/skins/{USERNAME}.png", "model": "slim", "cape": "LocalSkin/capes/{USERNAME}.png", "elytra": "LocalSkin/elytras/{USERNAME}.png" }, { "name": "Mojang", "type": "MojangAPI", "apiRoot": "https://api.mojang.com/", "sessionRoot": "https://sessionserver.mojang.com/" }, { "name": "LittleSkin", "type": "CustomSkinAPI", "root": "https://littlesk.in/csl/" }, { "name": "BlessingSkin", "type": "CustomSkinAPI", "root": "http://skin.prinzeugen.net/" }, { "name": "ElyBy", "type": "ElyByAPI", "root": "http://skinsystem.ely.by/textures/" }, { "name": "SkinMe", "type": "UniSkinAPI", "root": "http://www.skinme.cc/uniskin/" }, { "name": "GlitchlessGames", "type": "GlitchlessAPI", "root": "https://games.glitchless.ru/api/minecraft/users/profiles/textures/?nickname=" }, { "name": "MCSkin", "type": "CustomSkinAPI", "root": "https://mcskin.cn/" }]
[2022-09-12 11:35:38] [Client thread INFO] enableDynamicSkull : false
[2022-09-12 11:35:38] [Client thread INFO] enableTransparentSkin : true
[2022-09-12 11:35:38] [Client thread INFO] forceIgnoreHttpsCertificate : true
[2022-09-12 11:35:38] [Client thread INFO] forceLoadAllTextures : false
[2022-09-12 11:35:38] [Client thread INFO] enableCape : true
[2022-09-12 11:35:38] [Client thread INFO] forceFillSkullNBT : false
[2022-09-12 11:35:38] [Client thread INFO] threadPoolSize : 1
[2022-09-12 11:35:38] [Client thread INFO] retryTime : 0
[2022-09-12 11:35:38] [Client thread INFO] cacheExpiry : 50
[2022-09-12 11:35:38] [Client thread INFO] forceUpdateSkull : false
[2022-09-12 11:35:38] [Client thread INFO] enableLocalProfileCache : true
[2022-09-12 11:35:38] [Client thread INFO] enableCacheAutoClean : true
[2022-09-12 11:35:38] [Client thread INFO] forceDisableCache : false
[2022-09-12 11:52:08] [mc_Edwin's skull INFO] Loading mc_Edwin's profile.
[2022-09-12 11:52:08] [mc_Edwin's skull INFO] 1/8 Try to load profile from 'LocalSkin'.
[2022-09-12 11:52:08] [mc_Edwin's skull INFO] Both skin and cape not found.
[2022-09-12 11:52:08] [mc_Edwin's skull INFO] 2/8 Try to load profile from 'Mojang'.
[2022-09-12 11:52:09] [mc_Edwin's skull DEBUG] Try to request 'https://api.mojang.com/profiles/minecraft'.
[2022-09-12 11:52:09] [mc_Edwin's skull INFO] Payload: ["mc_Edwin"]
[2022-09-12 11:52:10] [mc_Edwin's skull DEBUG] Successfully request (Response Code: 200 , Content Length: 61)
[2022-09-12 11:52:10] [mc_Edwin's skull DEBUG] Content: [{"id":"e122d0396ca54b79a185d406ef898094","name":"mc_Edwin"}]
[2022-09-12 11:52:10] [mc_Edwin's skull DEBUG] Try to request 'https://sessionserver.mojang.com/session/minecraft/profile/e122d0396ca54b79a185d406ef898094'.
[2022-09-12 11:52:13] [mc_Edwin's skull DEBUG] Successfully request (Response Code: 200 , Content Length: 584)
[2022-09-12 11:52:13] [mc_Edwin's skull DEBUG] Saved to cache (Length: 584 , Path: 'C:\Users\youngest\Desktop\GC\新测试端\.minecraft\versions\GreedyCraft\CustomSkinLoader\caches\6a340a34e3cbfbe3bdea9cc401f69250054282bc' , Expire: 1662954826)
[2022-09-12 11:52:13] [mc_Edwin's skull DEBUG] Content: {
  "id" : "e122d0396ca54b79a185d406ef898094",
  "name" : "mc_Edwin",
  "properties" : [ {
    "name" : "textures",
    "value" : "ewogICJ0aW1lc3RhbXAiIDogMTY2Mjk1NDczMTk1NSwKICAicHJvZmlsZUlkIiA6ICJlMTIyZDAzOTZjYTU0Yjc5YTE4NWQ0MDZlZjg5ODA5NCIsCiAgInByb2ZpbGVOYW1lIiA6ICJtY19FZHdpbiIsCiAgInRleHR1cmVzIiA6IHsKICAgICJTS0lOIiA6IHsKICAgICAgInVybCIgOiAiaHR0cDovL3RleHR1cmVzLm1pbmVjcmFmdC5uZXQvdGV4dHVyZS8yZTFhYWIxODkzOTU2YzlhMTE5ZjRjNDYxMDU2ZWQzMWY3OWZjODI5OTJiZWVjNWJkNzFhNTRlNDI5ZmZiODBlIiwKICAgICAgIm1ldGFkYXRhIiA6IHsKICAgICAgICAibW9kZWwiIDogInNsaW0iCiAgICAgIH0KICAgIH0KICB9Cn0="
  } ]
}
[2022-09-12 11:52:13] [mc_Edwin's skull INFO] mc_Edwin's profile loaded.
[2022-09-12 11:52:13] [mc_Edwin's skull INFO] Successfully save LocalProfile.
[2022-09-12 11:52:13] [mc_Edwin's skull INFO] (SkinUrl: http://textures.minecraft.net/texture/2e1aab1893956c9a119f4c461056ed31f79fc82992beec5bd71a54e429ffb80e , Model: slim , CapeUrl: null  , Expiry: 1662954783)
[2022-09-12 11:52:43] [mc_Edwin INFO] Cached profile will be used.
[2022-09-12 11:52:43] [mc_Edwin INFO] (SkinUrl: http://textures.minecraft.net/texture/2e1aab1893956c9a119f4c461056ed31f79fc82992beec5bd71a54e429ffb80e , Model: slim , CapeUrl: null  , Expiry: 1662954783)
[2022-09-12 11:52:43] [pool-7-thread-1 DEBUG] Try to request 'http://textures.minecraft.net/texture/2e1aab1893956c9a119f4c461056ed31f79fc82992beec5bd71a54e429ffb80e'.
[2022-09-12 11:52:43] [pool-7-thread-1 DEBUG] Cache file found (Length: 1725 , Path: 'C:\Users\youngest\Desktop\GC\新测试端\.minecraft\assets\skins\2e\2e1aab1893956c9a119f4c461056ed31f79fc82992beec5bd71a54e429ffb80e' , Expire: 0)
[2022-09-12 11:52:44] [Client thread DEBUG] Loading type: SKIN
[2022-09-12 11:52:44] [Client thread INFO] ThreadDownloadImageData Class: net.minecraft.client.renderer.ThreadDownloadImageData
