[2022-09-12 11:31:15] [main INFO] [CSL DEBUG] REGISTERING TRANSFORMER customskinloader.forge.transformer.FakeInterfacesTransformer$MinecraftTransformer
[2022-09-12 11:31:15] [main INFO] [CSL DEBUG] REGISTERING CLASS net.minecraft.client.Minecraft
[2022-09-12 11:31:15] [main INFO] [CSL DEBUG] REGISTERING TRANSFORMER customskinloader.forge.transformer.FakeInterfacesTransformer$ThreadDownloadImageDataTransformer
[2022-09-12 11:31:15] [main INFO] [CSL DEBUG] REGISTERING CLASS net.minecraft.client.renderer.ThreadDownloadImageData
[2022-09-12 11:31:15] [main INFO] [CSL DEBUG] REGISTERING TRANSFORMER customskinloader.forge.transformer.FakeInterfacesTransformer$AbstractTextureTransformer
[2022-09-12 11:31:15] [main INFO] [CSL DEBUG] REGISTERING CLASS net.minecraft.client.renderer.texture.AbstractTexture
[2022-09-12 11:31:15] [main INFO] [CSL DEBUG] REGISTERING TRANSFORMER customskinloader.forge.transformer.FakeInterfacesTransformer$TextureTransformer
[2022-09-12 11:31:15] [main INFO] [CSL DEBUG] REGISTERING CLASS net.minecraft.client.renderer.texture.Texture
[2022-09-12 11:31:15] [main INFO] [CSL DEBUG] REGISTERING TRANSFORMER customskinloader.forge.transformer.FakeInterfacesTransformer$TextureManagerTransformer
[2022-09-12 11:31:15] [main INFO] [CSL DEBUG] REGISTERING CLASS net.minecraft.client.renderer.texture.TextureManager
[2022-09-12 11:31:15] [main INFO] [CSL DEBUG] REGISTERING TRANSFORMER customskinloader.forge.transformer.SkinManagerTransformer$InitTransformer
[2022-09-12 11:31:15] [main INFO] [CSL DEBUG] REGISTERING SRG METHOD net.minecraft.client.resources.SkinManager::<init>(Lnet/minecraft/client/renderer/texture/TextureManager;Ljava/io/File;Lcom/mojang/authlib/minecraft/MinecraftSessionService;)V
[2022-09-12 11:31:15] [main INFO] [CSL DEBUG] REGISTERING TRANSFORMER customskinloader.forge.transformer.SkinManagerTransformer$LoadSkinTransformer
[2022-09-12 11:31:15] [main INFO] [CSL DEBUG] REGISTERING SRG METHOD net.minecraft.client.resources.SkinManager::func_152789_a(Lcom/mojang/authlib/minecraft/MinecraftProfileTexture;Lcom/mojang/authlib/minecraft/MinecraftProfileTexture$Type;Lnet/minecraft/client/resources/SkinManager$SkinAvailableCallback;)Lnet/minecraft/util/ResourceLocation;
[2022-09-12 11:31:15] [main INFO] [CSL DEBUG] REGISTERING METHOD net.minecraft.client.resources.SkinManager::loadSkin(Lcom/mojang/authlib/minecraft/MinecraftProfileTexture;Lcom/mojang/authlib/minecraft/MinecraftProfileTexture$Type;Lnet/minecraft/client/resources/SkinManager$SkinAvailableCallback;)Lnet/minecraft/util/ResourceLocation;
[2022-09-12 11:31:15] [main INFO] [CSL DEBUG] REGISTERING TRANSFORMER customskinloader.forge.transformer.SkinManagerTransformer$LoadProfileTexturesTransformer
[2022-09-12 11:31:15] [main INFO] [CSL DEBUG] REGISTERING SRG METHOD net.minecraft.client.resources.SkinManager::func_152790_a(Lcom/mojang/authlib/GameProfile;Lnet/minecraft/client/resources/SkinManager$SkinAvailableCallback;Z)V
[2022-09-12 11:31:15] [main INFO] [CSL DEBUG] REGISTERING METHOD net.minecraft.client.resources.SkinManager::loadProfileTextures(Lcom/mojang/authlib/GameProfile;Lnet/minecraft/client/resources/SkinManager$SkinAvailableCallback;Z)V
[2022-09-12 11:31:15] [main INFO] [CSL DEBUG] REGISTERING TRANSFORMER customskinloader.forge.transformer.SkinManagerTransformer$LoadSkinFromCacheTransformer
[2022-09-12 11:31:15] [main INFO] [CSL DEBUG] REGISTERING SRG METHOD net.minecraft.client.resources.SkinManager::func_152788_a(Lcom/mojang/authlib/GameProfile;)Ljava/util/Map;
[2022-09-12 11:31:15] [main INFO] [CSL DEBUG] REGISTERING METHOD net.minecraft.client.resources.SkinManager::loadSkinFromCache(Lcom/mojang/authlib/GameProfile;)Ljava/util/Map;
[2022-09-12 11:31:15] [main INFO] [CSL DEBUG] REGISTERING TRANSFORMER customskinloader.forge.transformer.PlayerTabTransformer$ScoreObjectiveTransformer
[2022-09-12 11:31:15] [main INFO] [CSL DEBUG] REGISTERING SRG METHOD net.minecraft.client.gui.GuiPlayerTabOverlay::func_175249_a(ILnet/minecraft/scoreboard/Scoreboard;Lnet/minecraft/scoreboard/ScoreObjective;)V
[2022-09-12 11:31:15] [main INFO] [CSL DEBUG] REGISTERING METHOD net.minecraft.client.gui.GuiPlayerTabOverlay::renderPlayerlist(ILnet/minecraft/scoreboard/Scoreboard;Lnet/minecraft/scoreboard/ScoreObjective;)V
[2022-09-12 11:31:15] [main INFO] [CSL DEBUG] REGISTERING TRANSFORMER customskinloader.forge.transformer.SpectatorMenuTransformer$PlayerMenuObjectTransformer
[2022-09-12 11:31:15] [main INFO] [CSL DEBUG] REGISTERING SRG METHOD net.minecraft.client.gui.spectator.PlayerMenuObject::<init>(Lcom/mojang/authlib/GameProfile;)V
[2022-09-12 11:31:15] [main INFO] [CSL DEBUG] REGISTERING TRANSFORMER customskinloader.forge.transformer.TileEntitySkullTransformer$UpdateGameProfileTransformer
[2022-09-12 11:31:15] [main INFO] [CSL DEBUG] REGISTERING SRG METHOD net.minecraft.tileentity.TileEntitySkull::func_174884_b(Lcom/mojang/authlib/GameProfile;)Lcom/mojang/authlib/GameProfile;
[2022-09-12 11:31:15] [main INFO] [CSL DEBUG] REGISTERING METHOD net.minecraft.tileentity.TileEntitySkull::updateGameprofile(Lcom/mojang/authlib/GameProfile;)Lcom/mojang/authlib/GameProfile;
[2022-09-12 11:31:15] [main INFO] [CSL DEBUG] REGISTERING METHOD net.minecraft.tileentity.TileEntitySkull::updateGameProfile(Lcom/mojang/authlib/GameProfile;)Lcom/mojang/authlib/GameProfile;
[2022-09-12 11:31:20] [main INFO] [CSL DEBUG] Successfully transformed class net.minecraft.client.renderer.texture.TextureManager
[2022-09-12 11:31:20] [main INFO] [CSL DEBUG] Successfully transformed class net.minecraft.client.Minecraft
[2022-09-12 11:31:20] [main INFO] [CSL DEBUG] Successfully transformed class net.minecraft.client.renderer.ThreadDownloadImageData
[2022-09-12 11:31:21] [main INFO] [CSL DEBUG] Successfully transformed class net.minecraft.client.Minecraft
[2022-09-12 11:31:23] [Client thread INFO] [CSL DEBUG] Successfully transformed method func_174884_b in class net.minecraft.tileentity.TileEntitySkull
[2022-09-12 11:31:43] [Client thread INFO] [CSL DEBUG] Successfully transformed class net.minecraft.client.renderer.texture.AbstractTexture
[2022-09-12 11:31:43] [Client thread INFO] [CSL DEBUG] Successfully transformed class net.minecraft.client.renderer.texture.Texture
[2022-09-12 11:31:43] [Thread-6 INFO] [CSL DEBUG] Successfully transformed class net.minecraft.client.renderer.texture.TextureManager
[2022-09-12 11:31:43] [Thread-6 INFO] [CSL DEBUG] Successfully transformed class net.minecraft.client.renderer.texture.AbstractTexture
[2022-09-12 11:32:14] [Client thread INFO] [CSL DEBUG] Successfully transformed method <init> in class net.minecraft.client.resources.SkinManager
[2022-09-12 11:32:14] [Client thread INFO] [CSL DEBUG] Successfully transformed method func_152789_a in class net.minecraft.client.resources.SkinManager
[2022-09-12 11:32:14] [Client thread INFO] [CSL DEBUG] Successfully transformed method func_152790_a in class net.minecraft.client.resources.SkinManager
[2022-09-12 11:32:14] [Client thread INFO] [CSL DEBUG] Successfully transformed method func_152788_a in class net.minecraft.client.resources.SkinManager
[2022-09-12 11:32:37] [Client thread INFO] [CSL DEBUG] Successfully transformed method func_175249_a in class net.minecraft.client.gui.GuiPlayerTabOverlay
[2022-09-12 11:52:07] [Client thread INFO] [CSL DEBUG] Successfully transformed class net.minecraft.client.renderer.ThreadDownloadImageData
[2022-09-12 11:52:07] [Client thread INFO] [CSL DEBUG] Successfully transformed class net.minecraft.client.renderer.texture.Texture
